Base path: C:/Program Files/Unity/Editor/Data
Pipe name: \\.\pipe\UnityShaderCompiler-1-5692
Cmd: getPlatforms
Cmd: preprocess
  error: 2 plat 12 at (9): Surface lighting model 'Unlit' not found. Available models: BlinnPhong, Lambert
  insize=494 outsize=332 ok=0
Cmd: preprocess
  error: 2 plat 12 at (9): Surface lighting model 'NoLighting' not found. Available models: BlinnPhong, Lambert
  insize=499 outsize=337 ok=0
Cmd: preprocess
  error: 2 plat 12 at (9): Surface shader function 'surf' not found
  insize=664 outsize=338 ok=0
Cmd: preprocess
  insize=654 outsize=808 ok=1
Cmd: compileSnippet
  api=4 type=0 insize=4604 outsize=2753 kw=DIRECTIONAL SHADOWS_OFF LIGHTMAP_OFF DIRLIGHTMAP_OFF ok=1
Cmd: compileSnippet
  api=4 type=1 insize=4604 outsize=1006 kw=DIRECTIONAL SHADOWS_OFF LIGHTMAP_OFF DIRLIGHTMAP_OFF ok=1
Cmd: compileSnippet
  api=4 type=0 insize=2555 outsize=3021 kw=POINT ok=1
Cmd: compileSnippet
  api=4 type=1 insize=2555 outsize=941 kw=POINT ok=1
Cmd: preprocess
  insize=661 outsize=808 ok=1
Cmd: compileSnippet
  api=4 type=0 insize=4611 outsize=2753 kw=DIRECTIONAL SHADOWS_OFF LIGHTMAP_OFF DIRLIGHTMAP_OFF ok=1
Cmd: compileSnippet
  api=4 type=1 insize=4611 outsize=1087 kw=DIRECTIONAL SHADOWS_OFF LIGHTMAP_OFF DIRLIGHTMAP_OFF ok=1
Cmd: compileSnippet
  api=4 type=0 insize=2562 outsize=3021 kw=POINT ok=1
Cmd: compileSnippet
  api=4 type=1 insize=2562 outsize=1022 kw=POINT ok=1
Cmd: preprocess
  insize=654 outsize=808 ok=1
Cmd: preprocess
  insize=655 outsize=809 ok=1
Cmd: compileSnippet
  api=4 type=0 insize=2555 outsize=1997 kw=DIRECTIONAL ok=1
Cmd: compileSnippet
  api=4 type=1 insize=2555 outsize=892 kw=DIRECTIONAL ok=1
Cmd: preprocess
  error: 2 plat 12 at (16): Syntax error
  insize=464 outsize=303 ok=0
Cmd: preprocess
  error: 2 plat 12 at (16): Syntax error
  insize=470 outsize=303 ok=0
Cmd: preprocess
  insize=472 outsize=1184 ok=1
Cmd: compileSnippet
  error: 2 plat 4 at (93): invalid subscript 'color'
  api=4 type=0 insize=4249 outsize=0 kw=DIRECTIONAL SHADOWS_OFF LIGHTMAP_OFF DIRLIGHTMAP_OFF ok=0
Cmd: preprocess
  insize=486 outsize=1183 ok=1
Cmd: compileSnippet
  error: 2 plat 4 at (98): invalid subscript 'color'
  api=4 type=0 insize=4426 outsize=0 kw=DIRECTIONAL SHADOWS_OFF LIGHTMAP_OFF DIRLIGHTMAP_OFF ok=0
Cmd: preprocess
  insize=489 outsize=1184 ok=1
Cmd: preprocess
  insize=486 outsize=1183 ok=1
Cmd: compileSnippet
  error: 2 plat 4 at (98): invalid subscript 'color'
  api=4 type=0 insize=4426 outsize=0 kw=DIRECTIONAL SHADOWS_OFF LIGHTMAP_OFF DIRLIGHTMAP_OFF ok=0
Cmd: preprocess
  insize=489 outsize=1184 ok=1
Cmd: preprocess
  error: 2 plat 1 at (19): function "LightingNoLighting" has no return statement
  insize=629 outsize=1190 ok=0
Cmd: preprocess
  error: 2 plat 1 at (22): undefined variable "s"
  error: 2 plat 1 at (23): undefined variable "s"
  insize=642 outsize=1441 ok=0
Cmd: preprocess
  insize=644 outsize=800 ok=1
Cmd: compileSnippet
  api=4 type=0 insize=4601 outsize=2753 kw=DIRECTIONAL SHADOWS_OFF LIGHTMAP_OFF DIRLIGHTMAP_OFF ok=1
Cmd: compileSnippet
  api=4 type=1 insize=4601 outsize=1006 kw=DIRECTIONAL SHADOWS_OFF LIGHTMAP_OFF DIRLIGHTMAP_OFF ok=1
Cmd: compileSnippet
  api=4 type=0 insize=2552 outsize=3021 kw=POINT ok=1
Cmd: compileSnippet
  api=4 type=1 insize=2552 outsize=941 kw=POINT ok=1
Cmd: compileSnippet
  api=4 type=0 insize=2552 outsize=1997 kw=DIRECTIONAL ok=1
Cmd: compileSnippet
  api=4 type=1 insize=2552 outsize=892 kw=DIRECTIONAL ok=1
